[debug] > Exec(early(addDefaultCommands), None, None)
[debug] > Exec(addDefaultCommands, None, None)
[debug] > Exec(early(initialize), None, None)
[debug] > Exec(initialize, None, None)
[debug] > Exec(early(addPluginSbtFile="""C:\Users\User\AppData\Local\Temp\idea.sbt"""), None, None)
[debug] > Exec(addPluginSbtFile="""C:\Users\User\AppData\Local\Temp\idea.sbt""", None, None)
[debug] > Exec(boot, None, None)
[debug] > Exec(writeSbtVersion, None, None)
[debug] > Exec(reload, None, None)
[debug] > Exec(sbtStashOnFailure, None, None)
[debug] > Exec(onFailure loadFailed, None, None)
[debug] > Exec(loadp, None, None)
[info] welcome to sbt 1.9.7 (Oracle Corporation Java 1.8.0_401)
[debug] Load.defaultLoad until apply took 73.7768ms
[debug]           Load.loadUnit: plugins took 124.3044ms
[debug]           Load.loadUnit: defsScala took 0.2374ms
[debug] [Loading] Scanning directory C:\Users\User\IdeaProjects\finalprojectv2-YuChenTee\project
[debug]             Load.loadUnit: mkEval took 5.8438ms
[debug] [Loading] Found non-root projects 
[debug] [Loading] Done in C:\Users\User\IdeaProjects\finalprojectv2-YuChenTee\project, returning: ()
[debug] deducing auto plugins based on known facts Set(Atom(sbt.plugins.CorePlugin)) and clauses Clauses(Clause(Atom(sbt.plugins.JvmPlugin),Set(Atom(sbt.plugins.IvyPlugin)))
[debug] Clause(Atom(sbt.ScriptedPlugin),Set(Atom(sbt.plugins.JvmPlugin)))
[debug] Clause(Atom(sbt.plugins.SbtPlugin),Set(Atom(sbt.ScriptedPlugin)))
[debug] Clause(Atom(sbt.plugins.SemanticdbPlugin),Set(Atom(sbt.plugins.JvmPlugin)))
[debug] Clause(Atom(sbt.plugins.JUnitXmlReportPlugin),Set(Atom(sbt.plugins.JvmPlugin)))
[debug] Clause(Atom(sbt.plugins.MiniDependencyTreePlugin),Set(Atom(sbt.plugins.JvmPlugin)))
[debug] Clause(Atom(sbt.plugins.CorePlugin),Set(Atom(sbt.plugins.IvyPlugin)))
[debug] Clause(Atom(sbt.plugins.IvyPlugin),Set(Atom(sbt.plugins.JvmPlugin)))
[debug] Clause(Atom(sbt.plugins.JvmPlugin),Set(Atom(sbt.plugins.SemanticdbPlugin)))
[debug] Clause(Atom(sbt.plugins.JvmPlugin),Set(Atom(sbt.plugins.JUnitXmlReportPlugin)))
[debug] Clause(Atom(sbt.plugins.CorePlugin),Set(Atom(sbt.plugins.Giter8TemplatePlugin)))
[debug] Clause(Atom(sbt.plugins.JvmPlugin),Set(Atom(sbt.plugins.MiniDependencyTreePlugin))))
[debug]   :: deduced result: Matched(sbt.plugins.CorePlugin,sbt.plugins.Giter8TemplatePlugin,sbt.plugins.IvyPlugin,sbt.plugins.JvmPlugin,sbt.plugins.MiniDependencyTreePlugin,sbt.plugins.JUnitXmlReportPlugin,sbt.plugins.SemanticdbPlugin)
[debug] Plugins.deducer#function took 10.79 ms
[info] loading settings for project finalprojectv2-yuchentee-build from idea.sbt ...
[debug]               Load.resolveProject(finalprojectv2-yuchentee-build) took 35.5773ms
[debug]             Load.loadTransitive: finalizeProject(Project(id finalprojectv2-yuchentee-build, base: C:\Users\User\IdeaProjects\finalprojectv2-YuChenTee\project, plugins: List(<none>))) took 52.2423ms
[debug] [Loading] Done in C:\Users\User\IdeaProjects\finalprojectv2-YuChenTee\project, returning: (finalprojectv2-yuchentee-build)
[debug]           Load.loadUnit: loadedProjectsRaw took 1988.4161ms
[debug]           Load.loadUnit: cleanEvalClasses took 21.5142ms
[debug]         Load.loadUnit(file:/C:/Users/User/IdeaProjects/finalprojectv2-YuChenTee/project/, ...) took 2138.5381ms
[debug]       Load.apply: load took 2209.5238ms
[debug]       Load.apply: resolveProjects took 3.8644ms
[debug]       Load.apply: finalTransforms took 39.6617ms
[debug]       Load.apply: config.delegates took 3.8453ms
[debug]       Load.apply: Def.make(settings)... took 299.2336ms
[debug]       Load.apply: structureIndex took 67.023ms
[debug]       Load.apply: mkStreams took 1.488ms
[info] loading project definition from C:\Users\User\IdeaProjects\finalprojectv2-YuChenTee\project
[debug] Running task... Cancel: Signal, check cycles: false, forcegc: true
[debug]     Load.loadUnit: plugins took 4257.0539ms
[debug]     Load.loadUnit: defsScala took 0.0021ms
[debug] [Loading] Scanning directory C:\Users\User\IdeaProjects\finalprojectv2-YuChenTee
[debug]       Load.loadUnit: mkEval took 0.1622ms
[debug] [Loading] Found root project root w/ remaining 
[debug] deducing auto plugins based on known facts Set(Atom(sbt.plugins.CorePlugin)) and clauses Clauses(Clause(Atom(sbt.plugins.JvmPlugin),Set(Atom(sbt.plugins.IvyPlugin)))
[debug] Clause(Atom(sbt.ScriptedPlugin),Set(Atom(sbt.plugins.JvmPlugin)))
[debug] Clause(Atom(sbt.plugins.SbtPlugin),Set(Atom(sbt.ScriptedPlugin)))
[debug] Clause(Atom(sbt.plugins.SemanticdbPlugin),Set(Atom(sbt.plugins.JvmPlugin)))
[debug] Clause(Atom(sbt.plugins.JUnitXmlReportPlugin),Set(Atom(sbt.plugins.JvmPlugin)))
[debug] Clause(Atom(sbt.plugins.MiniDependencyTreePlugin),Set(Atom(sbt.plugins.JvmPlugin)))
[debug] Clause(Atom(org.jetbrains.sbt.StructurePlugin),Set(Atom(sbt.plugins.JvmPlugin)))
[debug] Clause(Atom(org.jetbrains.sbt.IdeaShellPlugin),Set(Atom(sbt.plugins.JvmPlugin)))
[debug] Clause(Atom(org.jetbrains.sbt.indices.SbtIntellijIndicesPlugin),Set(Atom(sbt.plugins.JvmPlugin)))
[debug] Clause(Atom(sbt.plugins.CorePlugin),Set(Atom(sbt.plugins.IvyPlugin)))
[debug] Clause(Atom(sbt.plugins.IvyPlugin),Set(Atom(sbt.plugins.JvmPlugin)))
[debug] Clause(Atom(sbt.plugins.JvmPlugin),Set(Atom(sbt.plugins.SemanticdbPlugin)))
[debug] Clause(Atom(sbt.plugins.JvmPlugin),Set(Atom(sbt.plugins.JUnitXmlReportPlugin)))
[debug] Clause(Atom(sbt.plugins.CorePlugin),Set(Atom(sbt.plugins.Giter8TemplatePlugin)))
[debug] Clause(Atom(sbt.plugins.JvmPlugin),Set(Atom(sbt.plugins.MiniDependencyTreePlugin)))
[debug] Clause(Atom(sbt.plugins.JvmPlugin),Set(Atom(org.jetbrains.sbt.StructurePlugin)))
[debug] Clause(Atom(sbt.plugins.JvmPlugin),Set(Atom(org.jetbrains.sbt.IdeaShellPlugin)))
[debug] Clause(And(Set(Atom(sbt.plugins.CorePlugin), Atom(sbt.plugins.JvmPlugin))),Set(Atom(org.jetbrains.sbt.indices.SbtIntellijIndicesPlugin))))
[debug]   :: deduced result: Matched(sbt.plugins.CorePlugin,sbt.plugins.Giter8TemplatePlugin,sbt.plugins.IvyPlugin,sbt.plugins.JvmPlugin,sbt.plugins.SemanticdbPlugin,org.jetbrains.sbt.indices.SbtIntellijIndicesPlugin,sbt.plugins.JUnitXmlReportPlugin,org.jetbrains.sbt.IdeaShellPlugin,org.jetbrains.sbt.StructurePlugin,sbt.plugins.MiniDependencyTreePlugin)
[debug] Plugins.deducer#function took 1.9174 ms
[info] loading settings for project root from build.sbt ...
[debug]         Load.resolveProject(root) took 25.9696ms
[debug]       Load.loadTransitive: finalizeProject(Project(id root, base: C:\Users\User\IdeaProjects\finalprojectv2-YuChenTee, plugins: List(<none>))) took 29.1902ms
[debug] [Loading] Done in C:\Users\User\IdeaProjects\finalprojectv2-YuChenTee, returning: (root)
[debug]     Load.loadUnit: loadedProjectsRaw took 977.6872ms
[debug]     Load.loadUnit: cleanEvalClasses took 4.9329ms
[debug]   Load.loadUnit(file:/C:/Users/User/IdeaProjects/finalprojectv2-YuChenTee/, ...) took 5240.5926ms
[debug] Load.apply: load took 5252.9702ms
[debug] Load.apply: resolveProjects took 0.0945ms
[debug] Load.apply: finalTransforms took 22.3842ms
[debug] Load.apply: config.delegates took 0.2399ms
[debug] Load.apply: Def.make(settings)... took 73.0557ms
[debug] Load.apply: structureIndex took 20.3452ms
[debug] Load.apply: mkStreams took 0.0034ms
[info] set current project to scalaFXIntro (in build file:/C:/Users/User/IdeaProjects/finalprojectv2-YuChenTee/)
[debug] > Exec(sbtPopOnFailure, None, None)
[debug] > Exec(resumeFromFailure, None, None)
[debug] > Exec(notifyUsersAboutShell, None, None)
[debug] > Exec(iflast shell, None, None)
[debug] > Exec(; set ideaPort in Global := 40865 ; idea-shell, None, None)
[debug] > Exec(set ideaPort in Global := 40865, None, None)
[info] Defining Global / ideaPort
[info] The new value will be used by Compile / compile, Test / compile
[debug] Defining 
[debug] 	Global / ideaPort
[debug] 
[debug] The new value will be used by 
[debug] 	Compile / compile
[debug] 	Test / compile
[info] Reapplying settings...
[info] set current project to scalaFXIntro (in build file:/C:/Users/User/IdeaProjects/finalprojectv2-YuChenTee/)
[debug] > Exec(idea-shell, None, None)
